Determining if the pthread_create exist failed with the following output:
Change Dir: /home/tanmay/indigo_workspace/sandbox/decision_making/build/CMakeFiles/CMakeTmp

Run Build Command:/usr/bin/make "cmTryCompileExec751782317/fast"
make[1]: Entering directory `/home/tanmay/indigo_workspace/sandbox/decision_making/build/CMakeFiles/CMakeTmp'
/usr/bin/make -f CMakeFiles/cmTryCompileExec751782317.dir/build.make CMakeFiles/cmTryCompileExec751782317.dir/build
make[2]: Entering directory `/home/tanmay/indigo_workspace/sandbox/decision_making/build/CMakeFiles/CMakeTmp'
/usr/bin/cmake -E cmake_progress_report /home/tanmay/indigo_workspace/sandbox/decision_making/build/CMakeFiles/CMakeTmp/CMakeFiles 1
Building C object CMakeFiles/cmTryCompileExec751782317.dir/CheckSymbolExists.c.o
/usr/bin/cc    -o CMakeFiles/cmTryCompileExec751782317.dir/CheckSymbolExists.c.o   -c /home/tanmay/indigo_workspace/sandbox/decision_making/build/CMakeFiles/CMakeTmp/CheckSymbolExists.c
Linking C executable cmTryCompileExec751782317
/usr/bin/cmake -E cmake_link_script CMakeFiles/cmTryCompileExec751782317.dir/link.txt --verbose=1
/usr/bin/cc       CMakeFiles/cmTryCompileExec751782317.dir/CheckSymbolExists.c.o  -o cmTryCompileExec751782317 -rdynamic 
CMakeFiles/cmTryCompileExec751782317.dir/CheckSymbolExists.c.o: In function `main':
CheckSymbolExists.c:(.text+0x16): undefined reference to `pthread_create'
collect2: error: ld returned 1 exit status
make[2]: *** [cmTryCompileExec751782317] Error 1
make[2]: Leaving directory `/home/tanmay/indigo_workspace/sandbox/decision_making/build/CMakeFiles/CMakeTmp'
make[1]: *** [cmTryCompileExec751782317/fast] Error 2
make[1]: Leaving directory `/home/tanmay/indigo_workspace/sandbox/decision_making/build/CMakeFiles/CMakeTmp'

File /home/tanmay/indigo_workspace/sandbox/decision_making/build/CMakeFiles/CMakeTmp/CheckSymbolExists.c:
/* */
#include <pthread.h>

int main(int argc, char** argv)
{
  (void)argv;
#ifndef pthread_create
  return ((int*)(&pthread_create))[argc];
#else
  (void)argc;
  return 0;
#endif
}

Determining if the function pthread_create exists in the pthreads failed with the following output:
Change Dir: /home/tanmay/indigo_workspace/sandbox/decision_making/build/CMakeFiles/CMakeTmp

Run Build Command:/usr/bin/make "cmTryCompileExec2024069987/fast"
make[1]: Entering directory `/home/tanmay/indigo_workspace/sandbox/decision_making/build/CMakeFiles/CMakeTmp'
/usr/bin/make -f CMakeFiles/cmTryCompileExec2024069987.dir/build.make CMakeFiles/cmTryCompileExec2024069987.dir/build
make[2]: Entering directory `/home/tanmay/indigo_workspace/sandbox/decision_making/build/CMakeFiles/CMakeTmp'
/usr/bin/cmake -E cmake_progress_report /home/tanmay/indigo_workspace/sandbox/decision_making/build/CMakeFiles/CMakeTmp/CMakeFiles 1
Building C object CMakeFiles/cmTryCompileExec2024069987.dir/CheckFunctionExists.c.o
/usr/bin/cc   -DCHECK_FUNCTION_EXISTS=pthread_create   -o CMakeFiles/cmTryCompileExec2024069987.dir/CheckFunctionExists.c.o   -c /usr/share/cmake-2.8/Modules/CheckFunctionExists.c
Linking C executable cmTryCompileExec2024069987
/usr/bin/cmake -E cmake_link_script CMakeFiles/cmTryCompileExec2024069987.dir/link.txt --verbose=1
/usr/bin/cc   -DCHECK_FUNCTION_EXISTS=pthread_create    CMakeFiles/cmTryCompileExec2024069987.dir/CheckFunctionExists.c.o  -o cmTryCompileExec2024069987 -rdynamic -lpthreads 
/usr/bin/ld: cannot find -lpthreads
collect2: error: ld returned 1 exit status
make[2]: *** [cmTryCompileExec2024069987] Error 1
make[2]: Leaving directory `/home/tanmay/indigo_workspace/sandbox/decision_making/build/CMakeFiles/CMakeTmp'
make[1]: Leaving directory `/home/tanmay/indigo_workspace/sandbox/decision_making/build/CMakeFiles/CMakeTmp'
make[1]: *** [cmTryCompileExec2024069987/fast] Error 2


